#
# There is insufficient memory for the Java Runtime Environment to continue.
# Native memory allocation (mmap) failed to map 266338304 bytes for G1 virtual space
# Possible reasons:
#   The system is out of physical RAM or swap space
#   The process is running with CompressedOops enabled, and the Java Heap may be blocking the growth of the native heap
# Possible solutions:
#   Reduce memory load on the system
#   Increase physical memory or swap space
#   Check if swap backing store is full
#   Decrease Java heap size (-Xmx/-Xms)
#   Decrease number of Java threads
#   Decrease Java thread stack sizes (-Xss)
#   Set larger code cache with -XX:ReservedCodeCacheSize=
#   JVM is running with Zero Based Compressed Oops mode in which the Java heap is
#     placed in the first 32GB address space. The Java Heap base address is the
#     maximum limit for the native heap growth. Please use -XX:HeapBaseMinAddress
#     to set the Java Heap base and to place the Java Heap above 32GB virtual address.
# This output file may be truncated or incomplete.
#
#  Out of Memory Error (./open/src/hotspot/os/windows/os_windows.cpp:3472), pid=16392, tid=8768
#
# JRE version:  (15.0+36) (build )
# Java VM: Java HotSpot(TM) 64-Bit Server VM (15+36-1562, mixed mode, sharing, tiered, compressed oops, g1 gc, windows-amd64)
# No core dump will be written. Minidumps are not enabled by default on client versions of Windows
#

---------------  S U M M A R Y ------------

Command Line: runtime.starter.MulticoreStarter C:\Users\sdumi\OneDrive\Desktop\InfoYear3\Paralel and Distributed Programming\Lab7 4 smpdev useLocalLoader C:\Users\sdumi\OneDrive\Desktop\InfoYear3\Paralel and Distributed Programming\Lab7\out\production\Lab7;C:\mpj\lib\mpi.jar;C:\mpj\lib\mpi.jar Main -javaagent:C:\Program Files\JetBrains\IntelliJ IDEA 2020.3.2\lib\idea_rt.jar=65069:C:\Program Files\JetBrains\IntelliJ IDEA 2020.3.2\bin -Dfile.encoding=UTF-8 Main

Host: Intel(R) Core(TM) i7-8550U CPU @ 1.80GHz, 8 cores, 15G,  Windows 10 , 64 bit Build 19041 (10.0.19041.1348)
Time: Sun Jan  2 13:21:05 2022 GTB Standard Time elapsed time: 0.199273 seconds (0d 0h 0m 0s)

---------------  T H R E A D  ---------------

Current thread (0x000001e3ebdf1b40):  JavaThread "Unknown thread" [_thread_in_vm, id=8768, stack(0x000000024eb00000,0x000000024ec00000)]

Stack: [0x000000024eb00000,0x000000024ec00000]
Native frames: (J=compiled Java code, j=interpreted, Vv=VM code, C=native code)
V  [jvm.dll+0x629eaa]
V  [jvm.dll+0x780379]
V  [jvm.dll+0x781ad3]
V  [jvm.dll+0x782133]
V  [jvm.dll+0x2159d5]
V  [jvm.dll+0x627299]
V  [jvm.dll+0x61bdd5]
V  [jvm.dll+0x2cf96d]
V  [jvm.dll+0x2cf7d2]
V  [jvm.dll+0x2d57ac]
V  [jvm.dll+0x32523a]
V  [jvm.dll+0x324904]
V  [jvm.dll+0x2a68ea]
V  [jvm.dll+0x2a7a88]
V  [jvm.dll+0x75d0f1]
V  [jvm.dll+0x333af4]
V  [jvm.dll+0x73d816]
V  [jvm.dll+0x3b68e7]
V  [jvm.dll+0x3b8371]
C  [jli.dll+0x52fb]
C  [ucrtbase.dll+0x21bb2]
C  [KERNEL32.DLL+0x17034]
C  [ntdll.dll+0x52651]


---------------  P R O C E S S  ---------------

Threads class SMR info:
_java_thread_list=0x00007fff4a252fa0, length=0, elements={
}

Java Threads: ( => current thread )

Other Threads:
  0x000001e3ebe40fd0 GCTaskThread "GC Thread#0" [stack: 0x000000024ec00000,0x000000024ed00000] [id=3960]
  0x000001e3ebe53040 ConcurrentGCThread "G1 Main Marker" [stack: 0x000000024ed00000,0x000000024ee00000] [id=11924]
  0x000001e3ebe55460 ConcurrentGCThread "G1 Conc#0" [stack: 0x000000024ee00000,0x000000024ef00000] [id=6060]

[error occurred during error reporting (printing all threads), id 0xc0000005, EXCEPTION_ACCESS_VIOLATION (0xc0000005) at pc=0x00007fff49a477b7]

VM state: not at safepoint (not fully initialized)

VM Mutex/Monitor currently owned by a thread:  ([mutex/lock_event])
[0x000001e3ebdee980] Heap_lock - owner thread: 0x000001e3ebdf1b40

Heap address: 0x0000000702600000, size: 4058 MB, Compressed Oops mode: Zero based, Oop shift amount: 3
CDS archive(s) mapped at: [0x0000000000000000-0x0000000000000000-0x0000000000000000), size 0, SharedBaseAddress: 0x0000000800000000, ArchiveRelocationMode: 0.
Narrow klass base: 0x0000000000000000, Narrow klass shift: 0, Narrow klass range: 0x0

Heap:
 garbage-first heap   total 260096K, used 0K [0x0000000702600000, 0x0000000800000000)
  region size 2048K, 0 young (0K), 0 survivors (0K)
 Metaspace       used 0K, capacity 0K, committed 0K, reserved 0K
  class space    used 0K, capacity 0K, committed 0K, reserved 0K

Heap Regions: E=young(eden), S=young(survivor), O=old, HS=humongous(starts), HC=humongous(continues), CS=collection set, F=free, OA=open archive, CA=closed archive, TAMS=top-at-mark-start (previous, next)

Card table byte_map: [0x000001e3f4b50000,0x000001e3f5340000] _byte_map_base: 0x000001e3f133d000

Marking Bits (Prev, Next): (CMBitMap*) 0x000001e3ebe42850, (CMBitMap*) 0x000001e3ebe42890
 Prev Bits: [0x000001e3f5b30000, 0x000001e3f9a98000)
 Next Bits: [0x000001e3f9aa0000, 0x000001e3fda08000)

GC Heap History (0 events):
No events

Deoptimization events (0 events):
No events

Classes unloaded (0 events):
No events

Classes redefined (0 events):
No events

Internal exceptions (0 events):
No events

Events (1 events):
Event: 0.013 Loaded shared library C:\Program Files\Java\jdk-15\bin\java.dll


Dynamic libraries:
0x00007ff60e090000 - 0x00007ff60e09f000 	C:\Program Files\Java\jdk-15\bin\java.exe
0x00007fffa0a10000 - 0x00007fffa0c05000 	C:\WINDOWS\SYSTEM32\ntdll.dll
0x00007fff9f3b0000 - 0x00007fff9f46e000 	C:\WINDOWS\System32\KERNEL32.DLL
0x00007fff9e1b0000 - 0x00007fff9e478000 	C:\WINDOWS\System32\KERNELBASE.dll
0x00007fff9e5e0000 - 0x00007fff9e6e0000 	C:\WINDOWS\System32\ucrtbase.dll
0x00007fff963e0000 - 0x00007fff963f8000 	C:\Program Files\Java\jdk-15\bin\jli.dll
0x00007fff9fe50000 - 0x00007fff9fefc000 	C:\WINDOWS\System32\ADVAPI32.dll
0x00007fff9f310000 - 0x00007fff9f3ae000 	C:\WINDOWS\System32\msvcrt.dll
0x00007fff9f470000 - 0x00007fff9f50b000 	C:\WINDOWS\System32\sechost.dll
0x00007fff9f510000 - 0x00007fff9f63a000 	C:\WINDOWS\System32\RPCRT4.dll
0x00007fff962f0000 - 0x00007fff96309000 	C:\Program Files\Java\jdk-15\bin\VCRUNTIME140.dll
0x00007fff9fb50000 - 0x00007fff9fcf1000 	C:\WINDOWS\System32\USER32.dll
0x00007fff9e820000 - 0x00007fff9e842000 	C:\WINDOWS\System32\win32u.dll
0x00007fff9fe20000 - 0x00007fff9fe4b000 	C:\WINDOWS\System32\GDI32.dll
0x00007fff9e4d0000 - 0x00007fff9e5dd000 	C:\WINDOWS\System32\gdi32full.dll
0x00007fff9e850000 - 0x00007fff9e8ed000 	C:\WINDOWS\System32\msvcp_win.dll
0x00007fff820c0000 - 0x00007fff8235a000 	C:\WINDOWS\WinSxS\amd64_microsoft.windows.common-controls_6595b64144ccf1df_6.0.19041.1110_none_60b5254171f9507e\COMCTL32.dll
0x00007fff9ce70000 - 0x00007fff9ce7a000 	C:\WINDOWS\SYSTEM32\VERSION.dll
0x00007fff9f2e0000 - 0x00007fff9f310000 	C:\WINDOWS\System32\IMM32.DLL
0x00007fff963d0000 - 0x00007fff963dc000 	C:\Program Files\Java\jdk-15\bin\vcruntime140_1.dll
0x00007fff95380000 - 0x00007fff95411000 	C:\Program Files\Java\jdk-15\bin\msvcp140.dll
0x00007fff49790000 - 0x00007fff4a2ec000 	C:\Program Files\Java\jdk-15\bin\server\jvm.dll
0x00007fff9ea50000 - 0x00007fff9ea58000 	C:\WINDOWS\System32\PSAPI.DLL
0x00007fff865f0000 - 0x00007fff865f9000 	C:\WINDOWS\SYSTEM32\WSOCK32.dll
0x00007fff9eba0000 - 0x00007fff9ec0b000 	C:\WINDOWS\System32\WS2_32.dll
0x00007fff828b0000 - 0x00007fff828d7000 	C:\WINDOWS\SYSTEM32\WINMM.dll
0x00007fff9c840000 - 0x00007fff9c852000 	C:\WINDOWS\SYSTEM32\kernel.appcore.dll
0x00007fff95cb0000 - 0x00007fff95cba000 	C:\Program Files\Java\jdk-15\bin\jimage.dll
0x00007fff9c3a0000 - 0x00007fff9c584000 	C:\WINDOWS\SYSTEM32\DBGHELP.DLL
0x00007fff79160000 - 0x00007fff7918c000 	C:\WINDOWS\SYSTEM32\dbgcore.DLL
0x00007fff9e120000 - 0x00007fff9e1a2000 	C:\WINDOWS\System32\bcryptPrimitives.dll
0x00007fff95c80000 - 0x00007fff95ca5000 	C:\Program Files\Java\jdk-15\bin\java.dll

dbghelp: loaded successfully - version: 4.0.5 - missing functions: none
symbol engine: initialized successfully - sym options: 0x614 - pdb path: .;C:\Program Files\Java\jdk-15\bin;C:\WINDOWS\SYSTEM32;C:\WINDOWS\WinSxS\amd64_microsoft.windows.common-controls_6595b64144ccf1df_6.0.19041.1110_none_60b5254171f9507e;C:\Program Files\Java\jdk-15\bin\server

VM Arguments:
java_command: runtime.starter.MulticoreStarter C:\Users\sdumi\OneDrive\Desktop\InfoYear3\Paralel and Distributed Programming\Lab7 4 smpdev useLocalLoader C:\Users\sdumi\OneDrive\Desktop\InfoYear3\Paralel and Distributed Programming\Lab7\out\production\Lab7;C:\mpj\lib\mpi.jar;C:\mpj\lib\mpi.jar Main -javaagent:C:\Program Files\JetBrains\IntelliJ IDEA 2020.3.2\lib\idea_rt.jar=65069:C:\Program Files\JetBrains\IntelliJ IDEA 2020.3.2\bin -Dfile.encoding=UTF-8 Main
java_class_path (initial): C:\mpj/lib/smpdev.jar;C:\mpj/lib/xdev.jar;C:\mpj/lib/mpjbuf.jar;C:\mpj/lib/loader2.jar;C:\mpj/lib/starter.jar;C:\mpj/lib/mpiExp.jar
Launcher Type: SUN_STANDARD

[Global flags]
     intx CICompilerCount                          = 4                                         {product} {ergonomic}
     uint ConcGCThreads                            = 2                                         {product} {ergonomic}
     uint G1ConcRefinementThreads                  = 8                                         {product} {ergonomic}
   size_t G1HeapRegionSize                         = 2097152                                   {product} {ergonomic}
    uintx GCDrainStackTargetSize                   = 64                                        {product} {ergonomic}
   size_t InitialHeapSize                          = 266338304                                 {product} {ergonomic}
   size_t MarkStackSize                            = 4194304                                   {product} {ergonomic}
   size_t MaxHeapSize                              = 4255121408                                {product} {ergonomic}
   size_t MinHeapDeltaBytes                        = 2097152                                   {product} {ergonomic}
   size_t MinHeapSize                              = 8388608                                   {product} {ergonomic}
    uintx NonNMethodCodeHeapSize                   = 5839372                                {pd product} {ergonomic}
    uintx NonProfiledCodeHeapSize                  = 122909434                              {pd product} {ergonomic}
    uintx ProfiledCodeHeapSize                     = 122909434                              {pd product} {ergonomic}
    uintx ReservedCodeCacheSize                    = 251658240                              {pd product} {ergonomic}
     bool SegmentedCodeCache                       = true                                      {product} {ergonomic}
   size_t SoftMaxHeapSize                          = 4255121408                             {manageable} {ergonomic}
     bool UseCompressedClassPointers               = true                                 {lp64_product} {ergonomic}
     bool UseCompressedOops                        = true                                 {lp64_product} {ergonomic}
     bool UseG1GC                                  = true                                      {product} {ergonomic}
     bool UseLargePagesIndividualAllocation        = false                                  {pd product} {ergonomic}

Logging:
Log output configuration:
 #0: stdout all=warning uptime,level,tags
 #1: stderr all=off uptime,level,tags

Environment Variables:
PATH=C:\Program Files (x86)\VMware\VMware Player\bin\;C:\Program Files\Common Files\Oracle\Java\javapath;C:\watcom-1.3\binnt;C:\watcom-1.3\binw;C:\WINDOWS\system32;C:\WINDOWS;C:\WINDOWS\System32\Wbem;C:\WINDOWS\System32\WindowsPowerShell\v1.0\;C:\WINDOWS\System32\OpenSSH\;C:\Program Files\Intel\WiFi\bin\;C:\Program Files\Common Files\Intel\WirelessCommon\;C:\Program Files (x86)\Intel\Intel(R) Management Engine Components\DAL;C:\Program Files\Intel\Intel(R) Management Engine Components\DAL;C:\Program Files\Microsoft SQL Server\Client SDK\ODBC\170\Tools\Binn\;C:\Program Files (x86)\Microsoft SQL Server\150\Tools\Binn\;C:\Program Files\Microsoft SQL Server\150\Tools\Binn\;C:\Program Files\Microsoft SQL Server\150\DTS\Binn\;C:\Program Files (x86)\Microsoft SQL Server\150\DTS\Binn\;C:\Program Files\Git\cmd;C:\Gradle\bin;C:\Program Files\dotnet\;C:\Program Files\Microsoft SQL Server\130\Tools\Binn\;C:\Program Files\nodejs\;C:\Users\sdumi\AppData\Local\Programs\Python\Python38\Scripts\;C:\Users\sdumi\AppData\Local\Programs\Python\Python38\;C:\Users\sdumi\AppData\Local\Microsoft\WindowsApps;C:\Users\sdumi\AppData\Roaming\npm;C:\mpj\bin;
USERNAME=sdumi
OS=Windows_NT
PROCESSOR_IDENTIFIER=Intel64 Family 6 Model 142 Stepping 10, GenuineIntel



---------------  S Y S T E M  ---------------

OS:
 Windows 10 , 64 bit Build 19041 (10.0.19041.1348)
OS uptime: 0 days 19:34 hours

CPU: total 8 (initial active 8) (4 cores per cpu, 2 threads per core) family 6 model 142 stepping 10, cmov, cx8, fxsr, mmx, sse, sse2, sse3, ssse3, sse4.1, sse4.2, popcnt, vzeroupper, avx, avx2, aes, clmul, erms, 3dnowpref, lzcnt, ht, tsc, tscinvbit, bmi1, bmi2, adx, fma, clflush, clflushopt

Memory: 4k page, system-wide physical 16225M (438M free)
TotalPageFile size 65340M (AvailPageFile size 199M)
current process WorkingSet (physical memory assigned to process): 10M, peak: 10M
current process commit charge ("private bytes"): 60M, peak: 314M

vm_info: Java HotSpot(TM) 64-Bit Server VM (15+36-1562) for windows-amd64 JRE (15+36-1562), built on Aug 11 2020 22:38:02 by "mach5one" with unknown MS VC++:1925

END.
